<?xml version="1.0" encoding="UTF-8"?>
<!-- Generated by org.testng.reporters.JUnitXMLReporter -->
<testsuite ignored="0" hostname="DESKTOP-35HBDVU" failures="0" tests="8" name="Test" time="0.143" errors="0" timestamp="2024-02-04T14:02:53 IST">
  <testcase classname="com.app.sampletest.Parallel_Class" name="test1" time="0.02"/>
  <testcase classname="com.app.sampletest.Parallel_Method" name="test1" time="0.02"/>
  <testcase classname="com.app.sampletest.Parallel_Class" name="test2" time="0.004"/>
  <testcase classname="com.app.sampletest.Parallel_Method" name="test2" time="0.002"/>
  <testcase classname="com.app.sampletest.Parallel_Class" name="test3" time="0.004"/>
  <testcase classname="com.app.sampletest.Parallel_Method" name="test3" time="0.004"/>
  <testcase classname="com.app.sampletest.Parallel_Class" name="test4" time="0.002"/>
  <testcase classname="com.app.sampletest.Parallel_Method" name="test4" time="0.003"/>
</testsuite> <!-- Test -->
