<?xml version="1.0" encoding="UTF-8"?>
<testng-results ignored="0" total="2" passed="2" failed="0" skipped="0">
  <reporter-output>
  </reporter-output>
  <suite started-at="2024-02-04T14:19:21 IST" name="Suite" finished-at="2024-02-04T14:19:25 IST" duration-ms="3580">
    <groups>
    </groups>
    <test started-at="2024-02-04T14:19:21 IST" name="Test1" finished-at="2024-02-04T14:19:25 IST" duration-ms="3580">
      <class name="com.app.sampletest.Parallel_Test">
        <test-method is-config="true" signature="beforetest()[pri:0, instance:com.app.sampletest.Parallel_Test@729d991e]" started-at="2024-02-04T14:19:21 IST" name="beforetest" finished-at="2024-02-04T14:19:24 IST" duration-ms="2977" status="PASS">
          <reporter-output>
          </reporter-output>
        </test-method> <!-- beforetest -->
        <test-method signature="test1()[pri:0, instance:com.app.sampletest.Parallel_Test@729d991e]" started-at="2024-02-04T14:19:24 IST" name="test1" finished-at="2024-02-04T14:19:24 IST" duration-ms="93" status="PASS">
          <reporter-output>
          </reporter-output>
        </test-method> <!-- test1 -->
        <test-method signature="test2()[pri:0, instance:com.app.sampletest.Parallel_Test@729d991e]" started-at="2024-02-04T14:19:24 IST" name="test2" finished-at="2024-02-04T14:19:24 IST" duration-ms="58" status="PASS">
          <reporter-output>
          </reporter-output>
        </test-method> <!-- test2 -->
        <test-method is-config="true" signature="aftertest()[pri:0, instance:com.app.sampletest.Parallel_Test@729d991e]" started-at="2024-02-04T14:19:24 IST" name="aftertest" finished-at="2024-02-04T14:19:25 IST" duration-ms="419" status="PASS">
          <reporter-output>
          </reporter-output>
        </test-method> <!-- aftertest -->
      </class> <!-- com.app.sampletest.Parallel_Test -->
    </test> <!-- Test1 -->
  </suite> <!-- Suite -->
</testng-results>
